~/AIFM/aifm/exp/fig_heap/aifm ~/AIFM/aifm/exp/fig_heap
rm -f *.o main.d ../../..//src/server.d ../../..//src/region.d ../../..//src/dataframe_vector.d ../../..//src/array.d ../../..//src/manager.d ../../..//src/obj_locker.d ../../..//src/concurrent_hopscotch.d ../../..//src/MurmurHash3.d ../../..//src/local_skiplist.d ../../..//src/deref_scope.d ../../..//src/helpers.d ../../..//src/server_hashtable.d ../../..//src/stats.d ../../..//src/list.d ../../..//src/server_ptr.d ../../..//src/pointer.d ../../..//src/device.d ../../..//src/server_dataframe_vector.d ../../..//src/slab.d ../../..//src/local_concurrent_hopscotch.d main ../../..//src/*.o
g++-9 -std=gnu++17 -Wno-subobject-linkage -g -Wall -D_GNU_SOURCE -I../../..//../shenango/inc -I../../..//../shenango/rdma-core/build/include -I../../..//../shenango/bindings/cc -I../../..//inc -I../../..//../shenango/ksched -I../../..//snappy/build -I../../..//snappy -DMLX_CX4 -DNDEBUG -O3 -march=native -DMLX5 -DDIRECTPATH -std=gnu++2a -fconcepts -Wno-unused-function -mcmodel=medium -c main.cpp -o main.o
g++-9 -std=gnu++17 -Wno-subobject-linkage -g -Wall -D_GNU_SOURCE -I../../..//../shenango/inc -I../../..//../shenango/rdma-core/build/include -I../../..//../shenango/bindings/cc -I../../..//inc -I../../..//../shenango/ksched -I../../..//snappy/build -I../../..//snappy -DMLX_CX4 -DNDEBUG -O3 -march=native -DMLX5 -DDIRECTPATH -std=gnu++2a -fconcepts -Wno-unused-function -mcmodel=medium -c ../../..//src/server.cpp -o ../../..//src/server.o
g++-9 -std=gnu++17 -Wno-subobject-linkage -g -Wall -D_GNU_SOURCE -I../../..//../shenango/inc -I../../..//../shenango/rdma-core/build/include -I../../..//../shenango/bindings/cc -I../../..//inc -I../../..//../shenango/ksched -I../../..//snappy/build -I../../..//snappy -DMLX_CX4 -DNDEBUG -O3 -march=native -DMLX5 -DDIRECTPATH -std=gnu++2a -fconcepts -Wno-unused-function -mcmodel=medium -c ../../..//src/region.cpp -o ../../..//src/region.o
g++-9 -std=gnu++17 -Wno-subobject-linkage -g -Wall -D_GNU_SOURCE -I../../..//../shenango/inc -I../../..//../shenango/rdma-core/build/include -I../../..//../shenango/bindings/cc -I../../..//inc -I../../..//../shenango/ksched -I../../..//snappy/build -I../../..//snappy -DMLX_CX4 -DNDEBUG -O3 -march=native -DMLX5 -DDIRECTPATH -std=gnu++2a -fconcepts -Wno-unused-function -mcmodel=medium -c ../../..//src/dataframe_vector.cpp -o ../../..//src/dataframe_vector.o
g++-9 -std=gnu++17 -Wno-subobject-linkage -g -Wall -D_GNU_SOURCE -I../../..//../shenango/inc -I../../..//../shenango/rdma-core/build/include -I../../..//../shenango/bindings/cc -I../../..//inc -I../../..//../shenango/ksched -I../../..//snappy/build -I../../..//snappy -DMLX_CX4 -DNDEBUG -O3 -march=native -DMLX5 -DDIRECTPATH -std=gnu++2a -fconcepts -Wno-unused-function -mcmodel=medium -c ../../..//src/array.cpp -o ../../..//src/array.o
g++-9 -std=gnu++17 -Wno-subobject-linkage -g -Wall -D_GNU_SOURCE -I../../..//../shenango/inc -I../../..//../shenango/rdma-core/build/include -I../../..//../shenango/bindings/cc -I../../..//inc -I../../..//../shenango/ksched -I../../..//snappy/build -I../../..//snappy -DMLX_CX4 -DNDEBUG -O3 -march=native -DMLX5 -DDIRECTPATH -std=gnu++2a -fconcepts -Wno-unused-function -mcmodel=medium -c ../../..//src/manager.cpp -o ../../..//src/manager.o
g++-9 -std=gnu++17 -Wno-subobject-linkage -g -Wall -D_GNU_SOURCE -I../../..//../shenango/inc -I../../..//../shenango/rdma-core/build/include -I../../..//../shenango/bindings/cc -I../../..//inc -I../../..//../shenango/ksched -I../../..//snappy/build -I../../..//snappy -DMLX_CX4 -DNDEBUG -O3 -march=native -DMLX5 -DDIRECTPATH -std=gnu++2a -fconcepts -Wno-unused-function -mcmodel=medium -c ../../..//src/obj_locker.cpp -o ../../..//src/obj_locker.o
g++-9 -std=gnu++17 -Wno-subobject-linkage -g -Wall -D_GNU_SOURCE -I../../..//../shenango/inc -I../../..//../shenango/rdma-core/build/include -I../../..//../shenango/bindings/cc -I../../..//inc -I../../..//../shenango/ksched -I../../..//snappy/build -I../../..//snappy -DMLX_CX4 -DNDEBUG -O3 -march=native -DMLX5 -DDIRECTPATH -std=gnu++2a -fconcepts -Wno-unused-function -mcmodel=medium -c ../../..//src/concurrent_hopscotch.cpp -o ../../..//src/concurrent_hopscotch.o
g++-9 -std=gnu++17 -Wno-subobject-linkage -g -Wall -D_GNU_SOURCE -I../../..//../shenango/inc -I../../..//../shenango/rdma-core/build/include -I../../..//../shenango/bindings/cc -I../../..//inc -I../../..//../shenango/ksched -I../../..//snappy/build -I../../..//snappy -DMLX_CX4 -DNDEBUG -O3 -march=native -DMLX5 -DDIRECTPATH -std=gnu++2a -fconcepts -Wno-unused-function -mcmodel=medium -c ../../..//src/MurmurHash3.cpp -o ../../..//src/MurmurHash3.o
g++-9 -std=gnu++17 -Wno-subobject-linkage -g -Wall -D_GNU_SOURCE -I../../..//../shenango/inc -I../../..//../shenango/rdma-core/build/include -I../../..//../shenango/bindings/cc -I../../..//inc -I../../..//../shenango/ksched -I../../..//snappy/build -I../../..//snappy -DMLX_CX4 -DNDEBUG -O3 -march=native -DMLX5 -DDIRECTPATH -std=gnu++2a -fconcepts -Wno-unused-function -mcmodel=medium -c ../../..//src/local_skiplist.cpp -o ../../..//src/local_skiplist.o
g++-9 -std=gnu++17 -Wno-subobject-linkage -g -Wall -D_GNU_SOURCE -I../../..//../shenango/inc -I../../..//../shenango/rdma-core/build/include -I../../..//../shenango/bindings/cc -I../../..//inc -I../../..//../shenango/ksched -I../../..//snappy/build -I../../..//snappy -DMLX_CX4 -DNDEBUG -O3 -march=native -DMLX5 -DDIRECTPATH -std=gnu++2a -fconcepts -Wno-unused-function -mcmodel=medium -c ../../..//src/deref_scope.cpp -o ../../..//src/deref_scope.o
g++-9 -std=gnu++17 -Wno-subobject-linkage -g -Wall -D_GNU_SOURCE -I../../..//../shenango/inc -I../../..//../shenango/rdma-core/build/include -I../../..//../shenango/bindings/cc -I../../..//inc -I../../..//../shenango/ksched -I../../..//snappy/build -I../../..//snappy -DMLX_CX4 -DNDEBUG -O3 -march=native -DMLX5 -DDIRECTPATH -std=gnu++2a -fconcepts -Wno-unused-function -mcmodel=medium -c ../../..//src/helpers.cpp -o ../../..//src/helpers.o
g++-9 -std=gnu++17 -Wno-subobject-linkage -g -Wall -D_GNU_SOURCE -I../../..//../shenango/inc -I../../..//../shenango/rdma-core/build/include -I../../..//../shenango/bindings/cc -I../../..//inc -I../../..//../shenango/ksched -I../../..//snappy/build -I../../..//snappy -DMLX_CX4 -DNDEBUG -O3 -march=native -DMLX5 -DDIRECTPATH -std=gnu++2a -fconcepts -Wno-unused-function -mcmodel=medium -c ../../..//src/server_hashtable.cpp -o ../../..//src/server_hashtable.o
g++-9 -std=gnu++17 -Wno-subobject-linkage -g -Wall -D_GNU_SOURCE -I../../..//../shenango/inc -I../../..//../shenango/rdma-core/build/include -I../../..//../shenango/bindings/cc -I../../..//inc -I../../..//../shenango/ksched -I../../..//snappy/build -I../../..//snappy -DMLX_CX4 -DNDEBUG -O3 -march=native -DMLX5 -DDIRECTPATH -std=gnu++2a -fconcepts -Wno-unused-function -mcmodel=medium -c ../../..//src/stats.cpp -o ../../..//src/stats.o
g++-9 -std=gnu++17 -Wno-subobject-linkage -g -Wall -D_GNU_SOURCE -I../../..//../shenango/inc -I../../..//../shenango/rdma-core/build/include -I../../..//../shenango/bindings/cc -I../../..//inc -I../../..//../shenango/ksched -I../../..//snappy/build -I../../..//snappy -DMLX_CX4 -DNDEBUG -O3 -march=native -DMLX5 -DDIRECTPATH -std=gnu++2a -fconcepts -Wno-unused-function -mcmodel=medium -c ../../..//src/list.cpp -o ../../..//src/list.o
g++-9 -std=gnu++17 -Wno-subobject-linkage -g -Wall -D_GNU_SOURCE -I../../..//../shenango/inc -I../../..//../shenango/rdma-core/build/include -I../../..//../shenango/bindings/cc -I../../..//inc -I../../..//../shenango/ksched -I../../..//snappy/build -I../../..//snappy -DMLX_CX4 -DNDEBUG -O3 -march=native -DMLX5 -DDIRECTPATH -std=gnu++2a -fconcepts -Wno-unused-function -mcmodel=medium -c ../../..//src/server_ptr.cpp -o ../../..//src/server_ptr.o
g++-9 -std=gnu++17 -Wno-subobject-linkage -g -Wall -D_GNU_SOURCE -I../../..//../shenango/inc -I../../..//../shenango/rdma-core/build/include -I../../..//../shenango/bindings/cc -I../../..//inc -I../../..//../shenango/ksched -I../../..//snappy/build -I../../..//snappy -DMLX_CX4 -DNDEBUG -O3 -march=native -DMLX5 -DDIRECTPATH -std=gnu++2a -fconcepts -Wno-unused-function -mcmodel=medium -c ../../..//src/pointer.cpp -o ../../..//src/pointer.o
g++-9 -std=gnu++17 -Wno-subobject-linkage -g -Wall -D_GNU_SOURCE -I../../..//../shenango/inc -I../../..//../shenango/rdma-core/build/include -I../../..//../shenango/bindings/cc -I../../..//inc -I../../..//../shenango/ksched -I../../..//snappy/build -I../../..//snappy -DMLX_CX4 -DNDEBUG -O3 -march=native -DMLX5 -DDIRECTPATH -std=gnu++2a -fconcepts -Wno-unused-function -mcmodel=medium -c ../../..//src/device.cpp -o ../../..//src/device.o
g++-9 -std=gnu++17 -Wno-subobject-linkage -g -Wall -D_GNU_SOURCE -I../../..//../shenango/inc -I../../..//../shenango/rdma-core/build/include -I../../..//../shenango/bindings/cc -I../../..//inc -I../../..//../shenango/ksched -I../../..//snappy/build -I../../..//snappy -DMLX_CX4 -DNDEBUG -O3 -march=native -DMLX5 -DDIRECTPATH -std=gnu++2a -fconcepts -Wno-unused-function -mcmodel=medium -c ../../..//src/server_dataframe_vector.cpp -o ../../..//src/server_dataframe_vector.o
g++-9 -std=gnu++17 -Wno-subobject-linkage -g -Wall -D_GNU_SOURCE -I../../..//../shenango/inc -I../../..//../shenango/rdma-core/build/include -I../../..//../shenango/bindings/cc -I../../..//inc -I../../..//../shenango/ksched -I../../..//snappy/build -I../../..//snappy -DMLX_CX4 -DNDEBUG -O3 -march=native -DMLX5 -DDIRECTPATH -std=gnu++2a -fconcepts -Wno-unused-function -mcmodel=medium -c ../../..//src/slab.cpp -o ../../..//src/slab.o
g++-9 -std=gnu++17 -Wno-subobject-linkage -g -Wall -D_GNU_SOURCE -I../../..//../shenango/inc -I../../..//../shenango/rdma-core/build/include -I../../..//../shenango/bindings/cc -I../../..//inc -I../../..//../shenango/ksched -I../../..//snappy/build -I../../..//snappy -DMLX_CX4 -DNDEBUG -O3 -march=native -DMLX5 -DDIRECTPATH -std=gnu++2a -fconcepts -Wno-unused-function -mcmodel=medium -c ../../..//src/local_concurrent_hopscotch.cpp -o ../../..//src/local_concurrent_hopscotch.o
g++-9 -o main -T ../../..//../shenango/base/base.ld main.o ../../..//src/server.o ../../..//src/region.o ../../..//src/dataframe_vector.o ../../..//src/array.o ../../..//src/manager.o ../../..//src/obj_locker.o ../../..//src/concurrent_hopscotch.o ../../..//src/MurmurHash3.o ../../..//src/local_skiplist.o ../../..//src/deref_scope.o ../../..//src/helpers.o ../../..//src/server_hashtable.o ../../..//src/stats.o ../../..//src/list.o ../../..//src/server_ptr.o ../../..//src/pointer.o ../../..//src/device.o ../../..//src/server_dataframe_vector.o ../../..//src/slab.o ../../..//src/local_concurrent_hopscotch.o ../../..//../shenango/bindings/cc/librt++.a ../../..//../shenango/libruntime.a ../../..//../shenango/libnet.a ../../..//../shenango/libbase.a -lpthread -L../../..//../shenango/rdma-core/build/lib/statics/ -lmlx5 -libverbs -lnl-3 -lnl-route-3 -lcryptopp -L../../..//snappy/build -lsnappy
CPU 02| <5> cpu: detected 20 cores, 1 nodes
CPU 02| <5> time: detected 2394 ticks / us
[  0.000430] CPU 02| <5> loading configuration from '/users/jchen185/AIFM/aifm/configs/client.config'
[  0.000455] CPU 02| <3> < 1 guaranteed kthreads is not recommended for networked apps
[  0.014011] CPU 02| <5> net: started network stack
[  0.014025] CPU 02| <5> net: using the following configuration:
[  0.014028] CPU 02| <5>   addr:	18.18.1.2
[  0.014031] CPU 02| <5>   netmask:	255.255.255.0
[  0.014034] CPU 02| <5>   gateway:	18.8.1.1
[  0.014036] CPU 02| <5>   mac:	AA:DB:7A:5B:17:74
[  0.372553] CPU 02| <5> thread: created thread 0
[  0.372620] CPU 02| <5> spawning 18 kthreads
[  0.372716] CPU 15| <5> thread: created thread 1
[  0.372758] CPU 17| <5> thread: created thread 2
[  0.372831] CPU 02| <5> thread: created thread 3
[  0.372956] CPU 19| <5> thread: created thread 4
[  0.373062] CPU 04| <5> thread: created thread 5
[  0.373200] CPU 11| <5> thread: created thread 6
[  0.373273] CPU 13| <5> thread: created thread 7
[  0.373382] CPU 08| <5> thread: created thread 8
[  0.373558] CPU 02| <5> thread: created thread 9
[  0.373654] CPU 12| <5> thread: created thread 10
[  0.373720] CPU 18| <5> thread: created thread 11
[  0.373819] CPU 07| <5> thread: created thread 12
[  0.373904] CPU 12| <5> thread: created thread 13
[  0.374065] CPU 15| <5> thread: created thread 14
[  0.374159] CPU 12| <5> thread: created thread 15
[  0.374408] CPU 12| <5> thread: created thread 16
[  0.374507] CPU 12| <5> thread: created thread 17
Running main.cpp...
N=65536 kMaxN=67108864
N=65536 build_us=1521688 drain_us=20447 total_us=1542135
[ 58.029544] CPU 07| <5> init: shutting down -> SUCCESS
rm -f *.o main.d ../../..//src/server.d ../../..//src/region.d ../../..//src/dataframe_vector.d ../../..//src/array.d ../../..//src/manager.d ../../..//src/obj_locker.d ../../..//src/concurrent_hopscotch.d ../../..//src/MurmurHash3.d ../../..//src/local_skiplist.d ../../..//src/deref_scope.d ../../..//src/helpers.d ../../..//src/server_hashtable.d ../../..//src/stats.d ../../..//src/list.d ../../..//src/server_ptr.d ../../..//src/pointer.d ../../..//src/device.d ../../..//src/server_dataframe_vector.d ../../..//src/slab.d ../../..//src/local_concurrent_hopscotch.d main ../../..//src/*.o
g++-9 -std=gnu++17 -Wno-subobject-linkage -g -Wall -D_GNU_SOURCE -I../../..//../shenango/inc -I../../..//../shenango/rdma-core/build/include -I../../..//../shenango/bindings/cc -I../../..//inc -I../../..//../shenango/ksched -I../../..//snappy/build -I../../..//snappy -DMLX_CX4 -DNDEBUG -O3 -march=native -DMLX5 -DDIRECTPATH -std=gnu++2a -fconcepts -Wno-unused-function -mcmodel=medium -c main.cpp -o main.o
g++-9 -std=gnu++17 -Wno-subobject-linkage -g -Wall -D_GNU_SOURCE -I../../..//../shenango/inc -I../../..//../shenango/rdma-core/build/include -I../../..//../shenango/bindings/cc -I../../..//inc -I../../..//../shenango/ksched -I../../..//snappy/build -I../../..//snappy -DMLX_CX4 -DNDEBUG -O3 -march=native -DMLX5 -DDIRECTPATH -std=gnu++2a -fconcepts -Wno-unused-function -mcmodel=medium -c ../../..//src/server.cpp -o ../../..//src/server.o
g++-9 -std=gnu++17 -Wno-subobject-linkage -g -Wall -D_GNU_SOURCE -I../../..//../shenango/inc -I../../..//../shenango/rdma-core/build/include -I../../..//../shenango/bindings/cc -I../../..//inc -I../../..//../shenango/ksched -I../../..//snappy/build -I../../..//snappy -DMLX_CX4 -DNDEBUG -O3 -march=native -DMLX5 -DDIRECTPATH -std=gnu++2a -fconcepts -Wno-unused-function -mcmodel=medium -c ../../..//src/region.cpp -o ../../..//src/region.o
g++-9 -std=gnu++17 -Wno-subobject-linkage -g -Wall -D_GNU_SOURCE -I../../..//../shenango/inc -I../../..//../shenango/rdma-core/build/include -I../../..//../shenango/bindings/cc -I../../..//inc -I../../..//../shenango/ksched -I../../..//snappy/build -I../../..//snappy -DMLX_CX4 -DNDEBUG -O3 -march=native -DMLX5 -DDIRECTPATH -std=gnu++2a -fconcepts -Wno-unused-function -mcmodel=medium -c ../../..//src/dataframe_vector.cpp -o ../../..//src/dataframe_vector.o
g++-9 -std=gnu++17 -Wno-subobject-linkage -g -Wall -D_GNU_SOURCE -I../../..//../shenango/inc -I../../..//../shenango/rdma-core/build/include -I../../..//../shenango/bindings/cc -I../../..//inc -I../../..//../shenango/ksched -I../../..//snappy/build -I../../..//snappy -DMLX_CX4 -DNDEBUG -O3 -march=native -DMLX5 -DDIRECTPATH -std=gnu++2a -fconcepts -Wno-unused-function -mcmodel=medium -c ../../..//src/array.cpp -o ../../..//src/array.o
g++-9 -std=gnu++17 -Wno-subobject-linkage -g -Wall -D_GNU_SOURCE -I../../..//../shenango/inc -I../../..//../shenango/rdma-core/build/include -I../../..//../shenango/bindings/cc -I../../..//inc -I../../..//../shenango/ksched -I../../..//snappy/build -I../../..//snappy -DMLX_CX4 -DNDEBUG -O3 -march=native -DMLX5 -DDIRECTPATH -std=gnu++2a -fconcepts -Wno-unused-function -mcmodel=medium -c ../../..//src/manager.cpp -o ../../..//src/manager.o
g++-9 -std=gnu++17 -Wno-subobject-linkage -g -Wall -D_GNU_SOURCE -I../../..//../shenango/inc -I../../..//../shenango/rdma-core/build/include -I../../..//../shenango/bindings/cc -I../../..//inc -I../../..//../shenango/ksched -I../../..//snappy/build -I../../..//snappy -DMLX_CX4 -DNDEBUG -O3 -march=native -DMLX5 -DDIRECTPATH -std=gnu++2a -fconcepts -Wno-unused-function -mcmodel=medium -c ../../..//src/obj_locker.cpp -o ../../..//src/obj_locker.o
g++-9 -std=gnu++17 -Wno-subobject-linkage -g -Wall -D_GNU_SOURCE -I../../..//../shenango/inc -I../../..//../shenango/rdma-core/build/include -I../../..//../shenango/bindings/cc -I../../..//inc -I../../..//../shenango/ksched -I../../..//snappy/build -I../../..//snappy -DMLX_CX4 -DNDEBUG -O3 -march=native -DMLX5 -DDIRECTPATH -std=gnu++2a -fconcepts -Wno-unused-function -mcmodel=medium -c ../../..//src/concurrent_hopscotch.cpp -o ../../..//src/concurrent_hopscotch.o
g++-9 -std=gnu++17 -Wno-subobject-linkage -g -Wall -D_GNU_SOURCE -I../../..//../shenango/inc -I../../..//../shenango/rdma-core/build/include -I../../..//../shenango/bindings/cc -I../../..//inc -I../../..//../shenango/ksched -I../../..//snappy/build -I../../..//snappy -DMLX_CX4 -DNDEBUG -O3 -march=native -DMLX5 -DDIRECTPATH -std=gnu++2a -fconcepts -Wno-unused-function -mcmodel=medium -c ../../..//src/MurmurHash3.cpp -o ../../..//src/MurmurHash3.o
g++-9 -std=gnu++17 -Wno-subobject-linkage -g -Wall -D_GNU_SOURCE -I../../..//../shenango/inc -I../../..//../shenango/rdma-core/build/include -I../../..//../shenango/bindings/cc -I../../..//inc -I../../..//../shenango/ksched -I../../..//snappy/build -I../../..//snappy -DMLX_CX4 -DNDEBUG -O3 -march=native -DMLX5 -DDIRECTPATH -std=gnu++2a -fconcepts -Wno-unused-function -mcmodel=medium -c ../../..//src/local_skiplist.cpp -o ../../..//src/local_skiplist.o
g++-9 -std=gnu++17 -Wno-subobject-linkage -g -Wall -D_GNU_SOURCE -I../../..//../shenango/inc -I../../..//../shenango/rdma-core/build/include -I../../..//../shenango/bindings/cc -I../../..//inc -I../../..//../shenango/ksched -I../../..//snappy/build -I../../..//snappy -DMLX_CX4 -DNDEBUG -O3 -march=native -DMLX5 -DDIRECTPATH -std=gnu++2a -fconcepts -Wno-unused-function -mcmodel=medium -c ../../..//src/deref_scope.cpp -o ../../..//src/deref_scope.o
g++-9 -std=gnu++17 -Wno-subobject-linkage -g -Wall -D_GNU_SOURCE -I../../..//../shenango/inc -I../../..//../shenango/rdma-core/build/include -I../../..//../shenango/bindings/cc -I../../..//inc -I../../..//../shenango/ksched -I../../..//snappy/build -I../../..//snappy -DMLX_CX4 -DNDEBUG -O3 -march=native -DMLX5 -DDIRECTPATH -std=gnu++2a -fconcepts -Wno-unused-function -mcmodel=medium -c ../../..//src/helpers.cpp -o ../../..//src/helpers.o
g++-9 -std=gnu++17 -Wno-subobject-linkage -g -Wall -D_GNU_SOURCE -I../../..//../shenango/inc -I../../..//../shenango/rdma-core/build/include -I../../..//../shenango/bindings/cc -I../../..//inc -I../../..//../shenango/ksched -I../../..//snappy/build -I../../..//snappy -DMLX_CX4 -DNDEBUG -O3 -march=native -DMLX5 -DDIRECTPATH -std=gnu++2a -fconcepts -Wno-unused-function -mcmodel=medium -c ../../..//src/server_hashtable.cpp -o ../../..//src/server_hashtable.o
g++-9 -std=gnu++17 -Wno-subobject-linkage -g -Wall -D_GNU_SOURCE -I../../..//../shenango/inc -I../../..//../shenango/rdma-core/build/include -I../../..//../shenango/bindings/cc -I../../..//inc -I../../..//../shenango/ksched -I../../..//snappy/build -I../../..//snappy -DMLX_CX4 -DNDEBUG -O3 -march=native -DMLX5 -DDIRECTPATH -std=gnu++2a -fconcepts -Wno-unused-function -mcmodel=medium -c ../../..//src/stats.cpp -o ../../..//src/stats.o
g++-9 -std=gnu++17 -Wno-subobject-linkage -g -Wall -D_GNU_SOURCE -I../../..//../shenango/inc -I../../..//../shenango/rdma-core/build/include -I../../..//../shenango/bindings/cc -I../../..//inc -I../../..//../shenango/ksched -I../../..//snappy/build -I../../..//snappy -DMLX_CX4 -DNDEBUG -O3 -march=native -DMLX5 -DDIRECTPATH -std=gnu++2a -fconcepts -Wno-unused-function -mcmodel=medium -c ../../..//src/list.cpp -o ../../..//src/list.o
g++-9 -std=gnu++17 -Wno-subobject-linkage -g -Wall -D_GNU_SOURCE -I../../..//../shenango/inc -I../../..//../shenango/rdma-core/build/include -I../../..//../shenango/bindings/cc -I../../..//inc -I../../..//../shenango/ksched -I../../..//snappy/build -I../../..//snappy -DMLX_CX4 -DNDEBUG -O3 -march=native -DMLX5 -DDIRECTPATH -std=gnu++2a -fconcepts -Wno-unused-function -mcmodel=medium -c ../../..//src/server_ptr.cpp -o ../../..//src/server_ptr.o
g++-9 -std=gnu++17 -Wno-subobject-linkage -g -Wall -D_GNU_SOURCE -I../../..//../shenango/inc -I../../..//../shenango/rdma-core/build/include -I../../..//../shenango/bindings/cc -I../../..//inc -I../../..//../shenango/ksched -I../../..//snappy/build -I../../..//snappy -DMLX_CX4 -DNDEBUG -O3 -march=native -DMLX5 -DDIRECTPATH -std=gnu++2a -fconcepts -Wno-unused-function -mcmodel=medium -c ../../..//src/pointer.cpp -o ../../..//src/pointer.o
g++-9 -std=gnu++17 -Wno-subobject-linkage -g -Wall -D_GNU_SOURCE -I../../..//../shenango/inc -I../../..//../shenango/rdma-core/build/include -I../../..//../shenango/bindings/cc -I../../..//inc -I../../..//../shenango/ksched -I../../..//snappy/build -I../../..//snappy -DMLX_CX4 -DNDEBUG -O3 -march=native -DMLX5 -DDIRECTPATH -std=gnu++2a -fconcepts -Wno-unused-function -mcmodel=medium -c ../../..//src/device.cpp -o ../../..//src/device.o
g++-9 -std=gnu++17 -Wno-subobject-linkage -g -Wall -D_GNU_SOURCE -I../../..//../shenango/inc -I../../..//../shenango/rdma-core/build/include -I../../..//../shenango/bindings/cc -I../../..//inc -I../../..//../shenango/ksched -I../../..//snappy/build -I../../..//snappy -DMLX_CX4 -DNDEBUG -O3 -march=native -DMLX5 -DDIRECTPATH -std=gnu++2a -fconcepts -Wno-unused-function -mcmodel=medium -c ../../..//src/server_dataframe_vector.cpp -o ../../..//src/server_dataframe_vector.o
g++-9 -std=gnu++17 -Wno-subobject-linkage -g -Wall -D_GNU_SOURCE -I../../..//../shenango/inc -I../../..//../shenango/rdma-core/build/include -I../../..//../shenango/bindings/cc -I../../..//inc -I../../..//../shenango/ksched -I../../..//snappy/build -I../../..//snappy -DMLX_CX4 -DNDEBUG -O3 -march=native -DMLX5 -DDIRECTPATH -std=gnu++2a -fconcepts -Wno-unused-function -mcmodel=medium -c ../../..//src/slab.cpp -o ../../..//src/slab.o
g++-9 -std=gnu++17 -Wno-subobject-linkage -g -Wall -D_GNU_SOURCE -I../../..//../shenango/inc -I../../..//../shenango/rdma-core/build/include -I../../..//../shenango/bindings/cc -I../../..//inc -I../../..//../shenango/ksched -I../../..//snappy/build -I../../..//snappy -DMLX_CX4 -DNDEBUG -O3 -march=native -DMLX5 -DDIRECTPATH -std=gnu++2a -fconcepts -Wno-unused-function -mcmodel=medium -c ../../..//src/local_concurrent_hopscotch.cpp -o ../../..//src/local_concurrent_hopscotch.o
g++-9 -o main -T ../../..//../shenango/base/base.ld main.o ../../..//src/server.o ../../..//src/region.o ../../..//src/dataframe_vector.o ../../..//src/array.o ../../..//src/manager.o ../../..//src/obj_locker.o ../../..//src/concurrent_hopscotch.o ../../..//src/MurmurHash3.o ../../..//src/local_skiplist.o ../../..//src/deref_scope.o ../../..//src/helpers.o ../../..//src/server_hashtable.o ../../..//src/stats.o ../../..//src/list.o ../../..//src/server_ptr.o ../../..//src/pointer.o ../../..//src/device.o ../../..//src/server_dataframe_vector.o ../../..//src/slab.o ../../..//src/local_concurrent_hopscotch.o ../../..//../shenango/bindings/cc/librt++.a ../../..//../shenango/libruntime.a ../../..//../shenango/libnet.a ../../..//../shenango/libbase.a -lpthread -L../../..//../shenango/rdma-core/build/lib/statics/ -lmlx5 -libverbs -lnl-3 -lnl-route-3 -lcryptopp -L../../..//snappy/build -lsnappy
CPU 03| <5> cpu: detected 20 cores, 1 nodes
CPU 03| <5> time: detected 2394 ticks / us
[  0.000444] CPU 03| <5> loading configuration from '/users/jchen185/AIFM/aifm/configs/client.config'
[  0.000474] CPU 03| <3> < 1 guaranteed kthreads is not recommended for networked apps
[  0.014054] CPU 03| <5> net: started network stack
[  0.014072] CPU 03| <5> net: using the following configuration:
[  0.014075] CPU 03| <5>   addr:	18.18.1.2
[  0.014078] CPU 03| <5>   netmask:	255.255.255.0
[  0.014080] CPU 03| <5>   gateway:	18.8.1.1
[  0.014082] CPU 03| <5>   mac:	46:E2:92:73:92:04
[  0.379782] CPU 03| <5> thread: created thread 0
[  0.379859] CPU 03| <5> spawning 18 kthreads
[  0.379974] CPU 06| <5> thread: created thread 1
[  0.380015] CPU 17| <5> thread: created thread 2
[  0.380085] CPU 08| <5> thread: created thread 3
[  0.380172] CPU 01| <5> thread: created thread 4
[  0.380330] CPU 05| <5> thread: created thread 5
[  0.380413] CPU 12| <5> thread: created thread 6
[  0.380513] CPU 05| <5> thread: created thread 7
[  0.380716] CPU 15| <5> thread: created thread 8
[  0.380759] CPU 03| <5> thread: created thread 9
[  0.380923] CPU 02| <5> thread: created thread 10
[  0.381108] CPU 17| <5> thread: created thread 11
[  0.381240] CPU 15| <5> thread: created thread 12
[  0.381373] CPU 11| <5> thread: created thread 13
[  0.381496] CPU 03| <5> thread: created thread 14
[  0.381582] CPU 08| <5> thread: created thread 15
[  0.381637] CPU 16| <5> thread: created thread 16
[  0.381707] CPU 17| <5> thread: created thread 17
Running main.cpp...
N=262144 kMaxN=67108864
N=262144 build_us=3228743 drain_us=92471 total_us=3321214
[ 59.108110] CPU 12| <5> init: shutting down -> SUCCESS
rm -f *.o main.d ../../..//src/server.d ../../..//src/region.d ../../..//src/dataframe_vector.d ../../..//src/array.d ../../..//src/manager.d ../../..//src/obj_locker.d ../../..//src/concurrent_hopscotch.d ../../..//src/MurmurHash3.d ../../..//src/local_skiplist.d ../../..//src/deref_scope.d ../../..//src/helpers.d ../../..//src/server_hashtable.d ../../..//src/stats.d ../../..//src/list.d ../../..//src/server_ptr.d ../../..//src/pointer.d ../../..//src/device.d ../../..//src/server_dataframe_vector.d ../../..//src/slab.d ../../..//src/local_concurrent_hopscotch.d main ../../..//src/*.o
g++-9 -std=gnu++17 -Wno-subobject-linkage -g -Wall -D_GNU_SOURCE -I../../..//../shenango/inc -I../../..//../shenango/rdma-core/build/include -I../../..//../shenango/bindings/cc -I../../..//inc -I../../..//../shenango/ksched -I../../..//snappy/build -I../../..//snappy -DMLX_CX4 -DNDEBUG -O3 -march=native -DMLX5 -DDIRECTPATH -std=gnu++2a -fconcepts -Wno-unused-function -mcmodel=medium -c main.cpp -o main.o
g++-9 -std=gnu++17 -Wno-subobject-linkage -g -Wall -D_GNU_SOURCE -I../../..//../shenango/inc -I../../..//../shenango/rdma-core/build/include -I../../..//../shenango/bindings/cc -I../../..//inc -I../../..//../shenango/ksched -I../../..//snappy/build -I../../..//snappy -DMLX_CX4 -DNDEBUG -O3 -march=native -DMLX5 -DDIRECTPATH -std=gnu++2a -fconcepts -Wno-unused-function -mcmodel=medium -c ../../..//src/server.cpp -o ../../..//src/server.o
g++-9 -std=gnu++17 -Wno-subobject-linkage -g -Wall -D_GNU_SOURCE -I../../..//../shenango/inc -I../../..//../shenango/rdma-core/build/include -I../../..//../shenango/bindings/cc -I../../..//inc -I../../..//../shenango/ksched -I../../..//snappy/build -I../../..//snappy -DMLX_CX4 -DNDEBUG -O3 -march=native -DMLX5 -DDIRECTPATH -std=gnu++2a -fconcepts -Wno-unused-function -mcmodel=medium -c ../../..//src/region.cpp -o ../../..//src/region.o
g++-9 -std=gnu++17 -Wno-subobject-linkage -g -Wall -D_GNU_SOURCE -I../../..//../shenango/inc -I../../..//../shenango/rdma-core/build/include -I../../..//../shenango/bindings/cc -I../../..//inc -I../../..//../shenango/ksched -I../../..//snappy/build -I../../..//snappy -DMLX_CX4 -DNDEBUG -O3 -march=native -DMLX5 -DDIRECTPATH -std=gnu++2a -fconcepts -Wno-unused-function -mcmodel=medium -c ../../..//src/dataframe_vector.cpp -o ../../..//src/dataframe_vector.o
g++-9 -std=gnu++17 -Wno-subobject-linkage -g -Wall -D_GNU_SOURCE -I../../..//../shenango/inc -I../../..//../shenango/rdma-core/build/include -I../../..//../shenango/bindings/cc -I../../..//inc -I../../..//../shenango/ksched -I../../..//snappy/build -I../../..//snappy -DMLX_CX4 -DNDEBUG -O3 -march=native -DMLX5 -DDIRECTPATH -std=gnu++2a -fconcepts -Wno-unused-function -mcmodel=medium -c ../../..//src/array.cpp -o ../../..//src/array.o
g++-9 -std=gnu++17 -Wno-subobject-linkage -g -Wall -D_GNU_SOURCE -I../../..//../shenango/inc -I../../..//../shenango/rdma-core/build/include -I../../..//../shenango/bindings/cc -I../../..//inc -I../../..//../shenango/ksched -I../../..//snappy/build -I../../..//snappy -DMLX_CX4 -DNDEBUG -O3 -march=native -DMLX5 -DDIRECTPATH -std=gnu++2a -fconcepts -Wno-unused-function -mcmodel=medium -c ../../..//src/manager.cpp -o ../../..//src/manager.o
g++-9 -std=gnu++17 -Wno-subobject-linkage -g -Wall -D_GNU_SOURCE -I../../..//../shenango/inc -I../../..//../shenango/rdma-core/build/include -I../../..//../shenango/bindings/cc -I../../..//inc -I../../..//../shenango/ksched -I../../..//snappy/build -I../../..//snappy -DMLX_CX4 -DNDEBUG -O3 -march=native -DMLX5 -DDIRECTPATH -std=gnu++2a -fconcepts -Wno-unused-function -mcmodel=medium -c ../../..//src/obj_locker.cpp -o ../../..//src/obj_locker.o
g++-9 -std=gnu++17 -Wno-subobject-linkage -g -Wall -D_GNU_SOURCE -I../../..//../shenango/inc -I../../..//../shenango/rdma-core/build/include -I../../..//../shenango/bindings/cc -I../../..//inc -I../../..//../shenango/ksched -I../../..//snappy/build -I../../..//snappy -DMLX_CX4 -DNDEBUG -O3 -march=native -DMLX5 -DDIRECTPATH -std=gnu++2a -fconcepts -Wno-unused-function -mcmodel=medium -c ../../..//src/concurrent_hopscotch.cpp -o ../../..//src/concurrent_hopscotch.o
g++-9 -std=gnu++17 -Wno-subobject-linkage -g -Wall -D_GNU_SOURCE -I../../..//../shenango/inc -I../../..//../shenango/rdma-core/build/include -I../../..//../shenango/bindings/cc -I../../..//inc -I../../..//../shenango/ksched -I../../..//snappy/build -I../../..//snappy -DMLX_CX4 -DNDEBUG -O3 -march=native -DMLX5 -DDIRECTPATH -std=gnu++2a -fconcepts -Wno-unused-function -mcmodel=medium -c ../../..//src/MurmurHash3.cpp -o ../../..//src/MurmurHash3.o
g++-9 -std=gnu++17 -Wno-subobject-linkage -g -Wall -D_GNU_SOURCE -I../../..//../shenango/inc -I../../..//../shenango/rdma-core/build/include -I../../..//../shenango/bindings/cc -I../../..//inc -I../../..//../shenango/ksched -I../../..//snappy/build -I../../..//snappy -DMLX_CX4 -DNDEBUG -O3 -march=native -DMLX5 -DDIRECTPATH -std=gnu++2a -fconcepts -Wno-unused-function -mcmodel=medium -c ../../..//src/local_skiplist.cpp -o ../../..//src/local_skiplist.o
g++-9 -std=gnu++17 -Wno-subobject-linkage -g -Wall -D_GNU_SOURCE -I../../..//../shenango/inc -I../../..//../shenango/rdma-core/build/include -I../../..//../shenango/bindings/cc -I../../..//inc -I../../..//../shenango/ksched -I../../..//snappy/build -I../../..//snappy -DMLX_CX4 -DNDEBUG -O3 -march=native -DMLX5 -DDIRECTPATH -std=gnu++2a -fconcepts -Wno-unused-function -mcmodel=medium -c ../../..//src/deref_scope.cpp -o ../../..//src/deref_scope.o
g++-9 -std=gnu++17 -Wno-subobject-linkage -g -Wall -D_GNU_SOURCE -I../../..//../shenango/inc -I../../..//../shenango/rdma-core/build/include -I../../..//../shenango/bindings/cc -I../../..//inc -I../../..//../shenango/ksched -I../../..//snappy/build -I../../..//snappy -DMLX_CX4 -DNDEBUG -O3 -march=native -DMLX5 -DDIRECTPATH -std=gnu++2a -fconcepts -Wno-unused-function -mcmodel=medium -c ../../..//src/helpers.cpp -o ../../..//src/helpers.o
g++-9 -std=gnu++17 -Wno-subobject-linkage -g -Wall -D_GNU_SOURCE -I../../..//../shenango/inc -I../../..//../shenango/rdma-core/build/include -I../../..//../shenango/bindings/cc -I../../..//inc -I../../..//../shenango/ksched -I../../..//snappy/build -I../../..//snappy -DMLX_CX4 -DNDEBUG -O3 -march=native -DMLX5 -DDIRECTPATH -std=gnu++2a -fconcepts -Wno-unused-function -mcmodel=medium -c ../../..//src/server_hashtable.cpp -o ../../..//src/server_hashtable.o
g++-9 -std=gnu++17 -Wno-subobject-linkage -g -Wall -D_GNU_SOURCE -I../../..//../shenango/inc -I../../..//../shenango/rdma-core/build/include -I../../..//../shenango/bindings/cc -I../../..//inc -I../../..//../shenango/ksched -I../../..//snappy/build -I../../..//snappy -DMLX_CX4 -DNDEBUG -O3 -march=native -DMLX5 -DDIRECTPATH -std=gnu++2a -fconcepts -Wno-unused-function -mcmodel=medium -c ../../..//src/stats.cpp -o ../../..//src/stats.o
g++-9 -std=gnu++17 -Wno-subobject-linkage -g -Wall -D_GNU_SOURCE -I../../..//../shenango/inc -I../../..//../shenango/rdma-core/build/include -I../../..//../shenango/bindings/cc -I../../..//inc -I../../..//../shenango/ksched -I../../..//snappy/build -I../../..//snappy -DMLX_CX4 -DNDEBUG -O3 -march=native -DMLX5 -DDIRECTPATH -std=gnu++2a -fconcepts -Wno-unused-function -mcmodel=medium -c ../../..//src/list.cpp -o ../../..//src/list.o
g++-9 -std=gnu++17 -Wno-subobject-linkage -g -Wall -D_GNU_SOURCE -I../../..//../shenango/inc -I../../..//../shenango/rdma-core/build/include -I../../..//../shenango/bindings/cc -I../../..//inc -I../../..//../shenango/ksched -I../../..//snappy/build -I../../..//snappy -DMLX_CX4 -DNDEBUG -O3 -march=native -DMLX5 -DDIRECTPATH -std=gnu++2a -fconcepts -Wno-unused-function -mcmodel=medium -c ../../..//src/server_ptr.cpp -o ../../..//src/server_ptr.o
g++-9 -std=gnu++17 -Wno-subobject-linkage -g -Wall -D_GNU_SOURCE -I../../..//../shenango/inc -I../../..//../shenango/rdma-core/build/include -I../../..//../shenango/bindings/cc -I../../..//inc -I../../..//../shenango/ksched -I../../..//snappy/build -I../../..//snappy -DMLX_CX4 -DNDEBUG -O3 -march=native -DMLX5 -DDIRECTPATH -std=gnu++2a -fconcepts -Wno-unused-function -mcmodel=medium -c ../../..//src/pointer.cpp -o ../../..//src/pointer.o
g++-9 -std=gnu++17 -Wno-subobject-linkage -g -Wall -D_GNU_SOURCE -I../../..//../shenango/inc -I../../..//../shenango/rdma-core/build/include -I../../..//../shenango/bindings/cc -I../../..//inc -I../../..//../shenango/ksched -I../../..//snappy/build -I../../..//snappy -DMLX_CX4 -DNDEBUG -O3 -march=native -DMLX5 -DDIRECTPATH -std=gnu++2a -fconcepts -Wno-unused-function -mcmodel=medium -c ../../..//src/device.cpp -o ../../..//src/device.o
g++-9 -std=gnu++17 -Wno-subobject-linkage -g -Wall -D_GNU_SOURCE -I../../..//../shenango/inc -I../../..//../shenango/rdma-core/build/include -I../../..//../shenango/bindings/cc -I../../..//inc -I../../..//../shenango/ksched -I../../..//snappy/build -I../../..//snappy -DMLX_CX4 -DNDEBUG -O3 -march=native -DMLX5 -DDIRECTPATH -std=gnu++2a -fconcepts -Wno-unused-function -mcmodel=medium -c ../../..//src/server_dataframe_vector.cpp -o ../../..//src/server_dataframe_vector.o
g++-9 -std=gnu++17 -Wno-subobject-linkage -g -Wall -D_GNU_SOURCE -I../../..//../shenango/inc -I../../..//../shenango/rdma-core/build/include -I../../..//../shenango/bindings/cc -I../../..//inc -I../../..//../shenango/ksched -I../../..//snappy/build -I../../..//snappy -DMLX_CX4 -DNDEBUG -O3 -march=native -DMLX5 -DDIRECTPATH -std=gnu++2a -fconcepts -Wno-unused-function -mcmodel=medium -c ../../..//src/slab.cpp -o ../../..//src/slab.o
g++-9 -std=gnu++17 -Wno-subobject-linkage -g -Wall -D_GNU_SOURCE -I../../..//../shenango/inc -I../../..//../shenango/rdma-core/build/include -I../../..//../shenango/bindings/cc -I../../..//inc -I../../..//../shenango/ksched -I../../..//snappy/build -I../../..//snappy -DMLX_CX4 -DNDEBUG -O3 -march=native -DMLX5 -DDIRECTPATH -std=gnu++2a -fconcepts -Wno-unused-function -mcmodel=medium -c ../../..//src/local_concurrent_hopscotch.cpp -o ../../..//src/local_concurrent_hopscotch.o
g++-9 -o main -T ../../..//../shenango/base/base.ld main.o ../../..//src/server.o ../../..//src/region.o ../../..//src/dataframe_vector.o ../../..//src/array.o ../../..//src/manager.o ../../..//src/obj_locker.o ../../..//src/concurrent_hopscotch.o ../../..//src/MurmurHash3.o ../../..//src/local_skiplist.o ../../..//src/deref_scope.o ../../..//src/helpers.o ../../..//src/server_hashtable.o ../../..//src/stats.o ../../..//src/list.o ../../..//src/server_ptr.o ../../..//src/pointer.o ../../..//src/device.o ../../..//src/server_dataframe_vector.o ../../..//src/slab.o ../../..//src/local_concurrent_hopscotch.o ../../..//../shenango/bindings/cc/librt++.a ../../..//../shenango/libruntime.a ../../..//../shenango/libnet.a ../../..//../shenango/libbase.a -lpthread -L../../..//../shenango/rdma-core/build/lib/statics/ -lmlx5 -libverbs -lnl-3 -lnl-route-3 -lcryptopp -L../../..//snappy/build -lsnappy
CPU 13| <5> cpu: detected 20 cores, 1 nodes
CPU 13| <5> time: detected 2394 ticks / us
[  0.000428] CPU 13| <5> loading configuration from '/users/jchen185/AIFM/aifm/configs/client.config'
[  0.000452] CPU 13| <3> < 1 guaranteed kthreads is not recommended for networked apps
[  0.014005] CPU 13| <5> net: started network stack
[  0.014020] CPU 13| <5> net: using the following configuration:
[  0.014023] CPU 13| <5>   addr:	18.18.1.2
[  0.014026] CPU 13| <5>   netmask:	255.255.255.0
[  0.014028] CPU 13| <5>   gateway:	18.8.1.1
[  0.014031] CPU 13| <5>   mac:	6A:CE:15:B5:49:0F
[  0.373136] CPU 13| <5> thread: created thread 0
[  0.373202] CPU 13| <5> spawning 18 kthreads
[  0.373297] CPU 08| <5> thread: created thread 1
[  0.373365] CPU 13| <5> thread: created thread 3
[  0.373374] CPU 19| <5> thread: created thread 2
[  0.373548] CPU 07| <5> thread: created thread 4
[  0.373645] CPU 11| <5> thread: created thread 5
[  0.373740] CPU 08| <5> thread: created thread 6
[  0.373868] CPU 18| <5> thread: created thread 7
[  0.373945] CPU 02| <5> thread: created thread 8
[  0.373974] CPU 03| <5> thread: created thread 9
[  0.374102] CPU 14| <5> thread: created thread 10
[  0.374145] CPU 18| <5> thread: created thread 11
[  0.374271] CPU 04| <5> thread: created thread 12
[  0.374352] CPU 09| <5> thread: created thread 13
[  0.374477] CPU 01| <5> thread: created thread 14
[  0.374538] CPU 06| <5> thread: created thread 15
[  0.374622] CPU 18| <5> thread: created thread 16
[  0.374713] CPU 16| <5> thread: created thread 17
Running main.cpp...
N=1048576 kMaxN=67108864
N=1048576 build_us=8949050 drain_us=509629 total_us=9458679
[ 65.285871] CPU 11| <5> init: shutting down -> SUCCESS
rm -f *.o main.d ../../..//src/server.d ../../..//src/region.d ../../..//src/dataframe_vector.d ../../..//src/array.d ../../..//src/manager.d ../../..//src/obj_locker.d ../../..//src/concurrent_hopscotch.d ../../..//src/MurmurHash3.d ../../..//src/local_skiplist.d ../../..//src/deref_scope.d ../../..//src/helpers.d ../../..//src/server_hashtable.d ../../..//src/stats.d ../../..//src/list.d ../../..//src/server_ptr.d ../../..//src/pointer.d ../../..//src/device.d ../../..//src/server_dataframe_vector.d ../../..//src/slab.d ../../..//src/local_concurrent_hopscotch.d main ../../..//src/*.o
g++-9 -std=gnu++17 -Wno-subobject-linkage -g -Wall -D_GNU_SOURCE -I../../..//../shenango/inc -I../../..//../shenango/rdma-core/build/include -I../../..//../shenango/bindings/cc -I../../..//inc -I../../..//../shenango/ksched -I../../..//snappy/build -I../../..//snappy -DMLX_CX4 -DNDEBUG -O3 -march=native -DMLX5 -DDIRECTPATH -std=gnu++2a -fconcepts -Wno-unused-function -mcmodel=medium -c main.cpp -o main.o
g++-9 -std=gnu++17 -Wno-subobject-linkage -g -Wall -D_GNU_SOURCE -I../../..//../shenango/inc -I../../..//../shenango/rdma-core/build/include -I../../..//../shenango/bindings/cc -I../../..//inc -I../../..//../shenango/ksched -I../../..//snappy/build -I../../..//snappy -DMLX_CX4 -DNDEBUG -O3 -march=native -DMLX5 -DDIRECTPATH -std=gnu++2a -fconcepts -Wno-unused-function -mcmodel=medium -c ../../..//src/server.cpp -o ../../..//src/server.o
g++-9 -std=gnu++17 -Wno-subobject-linkage -g -Wall -D_GNU_SOURCE -I../../..//../shenango/inc -I../../..//../shenango/rdma-core/build/include -I../../..//../shenango/bindings/cc -I../../..//inc -I../../..//../shenango/ksched -I../../..//snappy/build -I../../..//snappy -DMLX_CX4 -DNDEBUG -O3 -march=native -DMLX5 -DDIRECTPATH -std=gnu++2a -fconcepts -Wno-unused-function -mcmodel=medium -c ../../..//src/region.cpp -o ../../..//src/region.o
g++-9 -std=gnu++17 -Wno-subobject-linkage -g -Wall -D_GNU_SOURCE -I../../..//../shenango/inc -I../../..//../shenango/rdma-core/build/include -I../../..//../shenango/bindings/cc -I../../..//inc -I../../..//../shenango/ksched -I../../..//snappy/build -I../../..//snappy -DMLX_CX4 -DNDEBUG -O3 -march=native -DMLX5 -DDIRECTPATH -std=gnu++2a -fconcepts -Wno-unused-function -mcmodel=medium -c ../../..//src/dataframe_vector.cpp -o ../../..//src/dataframe_vector.o
g++-9 -std=gnu++17 -Wno-subobject-linkage -g -Wall -D_GNU_SOURCE -I../../..//../shenango/inc -I../../..//../shenango/rdma-core/build/include -I../../..//../shenango/bindings/cc -I../../..//inc -I../../..//../shenango/ksched -I../../..//snappy/build -I../../..//snappy -DMLX_CX4 -DNDEBUG -O3 -march=native -DMLX5 -DDIRECTPATH -std=gnu++2a -fconcepts -Wno-unused-function -mcmodel=medium -c ../../..//src/array.cpp -o ../../..//src/array.o
g++-9 -std=gnu++17 -Wno-subobject-linkage -g -Wall -D_GNU_SOURCE -I../../..//../shenango/inc -I../../..//../shenango/rdma-core/build/include -I../../..//../shenango/bindings/cc -I../../..//inc -I../../..//../shenango/ksched -I../../..//snappy/build -I../../..//snappy -DMLX_CX4 -DNDEBUG -O3 -march=native -DMLX5 -DDIRECTPATH -std=gnu++2a -fconcepts -Wno-unused-function -mcmodel=medium -c ../../..//src/manager.cpp -o ../../..//src/manager.o
g++-9 -std=gnu++17 -Wno-subobject-linkage -g -Wall -D_GNU_SOURCE -I../../..//../shenango/inc -I../../..//../shenango/rdma-core/build/include -I../../..//../shenango/bindings/cc -I../../..//inc -I../../..//../shenango/ksched -I../../..//snappy/build -I../../..//snappy -DMLX_CX4 -DNDEBUG -O3 -march=native -DMLX5 -DDIRECTPATH -std=gnu++2a -fconcepts -Wno-unused-function -mcmodel=medium -c ../../..//src/obj_locker.cpp -o ../../..//src/obj_locker.o
g++-9 -std=gnu++17 -Wno-subobject-linkage -g -Wall -D_GNU_SOURCE -I../../..//../shenango/inc -I../../..//../shenango/rdma-core/build/include -I../../..//../shenango/bindings/cc -I../../..//inc -I../../..//../shenango/ksched -I../../..//snappy/build -I../../..//snappy -DMLX_CX4 -DNDEBUG -O3 -march=native -DMLX5 -DDIRECTPATH -std=gnu++2a -fconcepts -Wno-unused-function -mcmodel=medium -c ../../..//src/concurrent_hopscotch.cpp -o ../../..//src/concurrent_hopscotch.o
g++-9 -std=gnu++17 -Wno-subobject-linkage -g -Wall -D_GNU_SOURCE -I../../..//../shenango/inc -I../../..//../shenango/rdma-core/build/include -I../../..//../shenango/bindings/cc -I../../..//inc -I../../..//../shenango/ksched -I../../..//snappy/build -I../../..//snappy -DMLX_CX4 -DNDEBUG -O3 -march=native -DMLX5 -DDIRECTPATH -std=gnu++2a -fconcepts -Wno-unused-function -mcmodel=medium -c ../../..//src/MurmurHash3.cpp -o ../../..//src/MurmurHash3.o
g++-9 -std=gnu++17 -Wno-subobject-linkage -g -Wall -D_GNU_SOURCE -I../../..//../shenango/inc -I../../..//../shenango/rdma-core/build/include -I../../..//../shenango/bindings/cc -I../../..//inc -I../../..//../shenango/ksched -I../../..//snappy/build -I../../..//snappy -DMLX_CX4 -DNDEBUG -O3 -march=native -DMLX5 -DDIRECTPATH -std=gnu++2a -fconcepts -Wno-unused-function -mcmodel=medium -c ../../..//src/local_skiplist.cpp -o ../../..//src/local_skiplist.o
g++-9 -std=gnu++17 -Wno-subobject-linkage -g -Wall -D_GNU_SOURCE -I../../..//../shenango/inc -I../../..//../shenango/rdma-core/build/include -I../../..//../shenango/bindings/cc -I../../..//inc -I../../..//../shenango/ksched -I../../..//snappy/build -I../../..//snappy -DMLX_CX4 -DNDEBUG -O3 -march=native -DMLX5 -DDIRECTPATH -std=gnu++2a -fconcepts -Wno-unused-function -mcmodel=medium -c ../../..//src/deref_scope.cpp -o ../../..//src/deref_scope.o
g++-9 -std=gnu++17 -Wno-subobject-linkage -g -Wall -D_GNU_SOURCE -I../../..//../shenango/inc -I../../..//../shenango/rdma-core/build/include -I../../..//../shenango/bindings/cc -I../../..//inc -I../../..//../shenango/ksched -I../../..//snappy/build -I../../..//snappy -DMLX_CX4 -DNDEBUG -O3 -march=native -DMLX5 -DDIRECTPATH -std=gnu++2a -fconcepts -Wno-unused-function -mcmodel=medium -c ../../..//src/helpers.cpp -o ../../..//src/helpers.o
g++-9 -std=gnu++17 -Wno-subobject-linkage -g -Wall -D_GNU_SOURCE -I../../..//../shenango/inc -I../../..//../shenango/rdma-core/build/include -I../../..//../shenango/bindings/cc -I../../..//inc -I../../..//../shenango/ksched -I../../..//snappy/build -I../../..//snappy -DMLX_CX4 -DNDEBUG -O3 -march=native -DMLX5 -DDIRECTPATH -std=gnu++2a -fconcepts -Wno-unused-function -mcmodel=medium -c ../../..//src/server_hashtable.cpp -o ../../..//src/server_hashtable.o
g++-9 -std=gnu++17 -Wno-subobject-linkage -g -Wall -D_GNU_SOURCE -I../../..//../shenango/inc -I../../..//../shenango/rdma-core/build/include -I../../..//../shenango/bindings/cc -I../../..//inc -I../../..//../shenango/ksched -I../../..//snappy/build -I../../..//snappy -DMLX_CX4 -DNDEBUG -O3 -march=native -DMLX5 -DDIRECTPATH -std=gnu++2a -fconcepts -Wno-unused-function -mcmodel=medium -c ../../..//src/stats.cpp -o ../../..//src/stats.o
g++-9 -std=gnu++17 -Wno-subobject-linkage -g -Wall -D_GNU_SOURCE -I../../..//../shenango/inc -I../../..//../shenango/rdma-core/build/include -I../../..//../shenango/bindings/cc -I../../..//inc -I../../..//../shenango/ksched -I../../..//snappy/build -I../../..//snappy -DMLX_CX4 -DNDEBUG -O3 -march=native -DMLX5 -DDIRECTPATH -std=gnu++2a -fconcepts -Wno-unused-function -mcmodel=medium -c ../../..//src/list.cpp -o ../../..//src/list.o
g++-9 -std=gnu++17 -Wno-subobject-linkage -g -Wall -D_GNU_SOURCE -I../../..//../shenango/inc -I../../..//../shenango/rdma-core/build/include -I../../..//../shenango/bindings/cc -I../../..//inc -I../../..//../shenango/ksched -I../../..//snappy/build -I../../..//snappy -DMLX_CX4 -DNDEBUG -O3 -march=native -DMLX5 -DDIRECTPATH -std=gnu++2a -fconcepts -Wno-unused-function -mcmodel=medium -c ../../..//src/server_ptr.cpp -o ../../..//src/server_ptr.o
g++-9 -std=gnu++17 -Wno-subobject-linkage -g -Wall -D_GNU_SOURCE -I../../..//../shenango/inc -I../../..//../shenango/rdma-core/build/include -I../../..//../shenango/bindings/cc -I../../..//inc -I../../..//../shenango/ksched -I../../..//snappy/build -I../../..//snappy -DMLX_CX4 -DNDEBUG -O3 -march=native -DMLX5 -DDIRECTPATH -std=gnu++2a -fconcepts -Wno-unused-function -mcmodel=medium -c ../../..//src/pointer.cpp -o ../../..//src/pointer.o
g++-9 -std=gnu++17 -Wno-subobject-linkage -g -Wall -D_GNU_SOURCE -I../../..//../shenango/inc -I../../..//../shenango/rdma-core/build/include -I../../..//../shenango/bindings/cc -I../../..//inc -I../../..//../shenango/ksched -I../../..//snappy/build -I../../..//snappy -DMLX_CX4 -DNDEBUG -O3 -march=native -DMLX5 -DDIRECTPATH -std=gnu++2a -fconcepts -Wno-unused-function -mcmodel=medium -c ../../..//src/device.cpp -o ../../..//src/device.o
g++-9 -std=gnu++17 -Wno-subobject-linkage -g -Wall -D_GNU_SOURCE -I../../..//../shenango/inc -I../../..//../shenango/rdma-core/build/include -I../../..//../shenango/bindings/cc -I../../..//inc -I../../..//../shenango/ksched -I../../..//snappy/build -I../../..//snappy -DMLX_CX4 -DNDEBUG -O3 -march=native -DMLX5 -DDIRECTPATH -std=gnu++2a -fconcepts -Wno-unused-function -mcmodel=medium -c ../../..//src/server_dataframe_vector.cpp -o ../../..//src/server_dataframe_vector.o
g++-9 -std=gnu++17 -Wno-subobject-linkage -g -Wall -D_GNU_SOURCE -I../../..//../shenango/inc -I../../..//../shenango/rdma-core/build/include -I../../..//../shenango/bindings/cc -I../../..//inc -I../../..//../shenango/ksched -I../../..//snappy/build -I../../..//snappy -DMLX_CX4 -DNDEBUG -O3 -march=native -DMLX5 -DDIRECTPATH -std=gnu++2a -fconcepts -Wno-unused-function -mcmodel=medium -c ../../..//src/slab.cpp -o ../../..//src/slab.o
g++-9 -std=gnu++17 -Wno-subobject-linkage -g -Wall -D_GNU_SOURCE -I../../..//../shenango/inc -I../../..//../shenango/rdma-core/build/include -I../../..//../shenango/bindings/cc -I../../..//inc -I../../..//../shenango/ksched -I../../..//snappy/build -I../../..//snappy -DMLX_CX4 -DNDEBUG -O3 -march=native -DMLX5 -DDIRECTPATH -std=gnu++2a -fconcepts -Wno-unused-function -mcmodel=medium -c ../../..//src/local_concurrent_hopscotch.cpp -o ../../..//src/local_concurrent_hopscotch.o
g++-9 -o main -T ../../..//../shenango/base/base.ld main.o ../../..//src/server.o ../../..//src/region.o ../../..//src/dataframe_vector.o ../../..//src/array.o ../../..//src/manager.o ../../..//src/obj_locker.o ../../..//src/concurrent_hopscotch.o ../../..//src/MurmurHash3.o ../../..//src/local_skiplist.o ../../..//src/deref_scope.o ../../..//src/helpers.o ../../..//src/server_hashtable.o ../../..//src/stats.o ../../..//src/list.o ../../..//src/server_ptr.o ../../..//src/pointer.o ../../..//src/device.o ../../..//src/server_dataframe_vector.o ../../..//src/slab.o ../../..//src/local_concurrent_hopscotch.o ../../..//../shenango/bindings/cc/librt++.a ../../..//../shenango/libruntime.a ../../..//../shenango/libnet.a ../../..//../shenango/libbase.a -lpthread -L../../..//../shenango/rdma-core/build/lib/statics/ -lmlx5 -libverbs -lnl-3 -lnl-route-3 -lcryptopp -L../../..//snappy/build -lsnappy
CPU 05| <5> cpu: detected 20 cores, 1 nodes
CPU 05| <5> time: detected 2394 ticks / us
[  0.000424] CPU 05| <5> loading configuration from '/users/jchen185/AIFM/aifm/configs/client.config'
[  0.000449] CPU 05| <3> < 1 guaranteed kthreads is not recommended for networked apps
[  0.013964] CPU 05| <5> net: started network stack
[  0.013979] CPU 05| <5> net: using the following configuration:
[  0.013983] CPU 05| <5>   addr:	18.18.1.2
[  0.013986] CPU 05| <5>   netmask:	255.255.255.0
[  0.013988] CPU 05| <5>   gateway:	18.8.1.1
[  0.013990] CPU 05| <5>   mac:	86:E4:78:49:91:5E
[  0.373769] CPU 08| <5> thread: created thread 0
[  0.373836] CPU 08| <5> spawning 18 kthreads
[  0.373927] CPU 02| <5> thread: created thread 1
[  0.373976] CPU 13| <5> thread: created thread 2
[  0.374007] CPU 11| <5> thread: created thread 3
[  0.374073] CPU 13| <5> thread: created thread 4
[  0.374177] CPU 01| <5> thread: created thread 5
[  0.374372] CPU 16| <5> thread: created thread 6
[  0.374472] CPU 07| <5> thread: created thread 7
[  0.374533] CPU 08| <5> thread: created thread 8
[  0.374669] CPU 12| <5> thread: created thread 9
[  0.374709] CPU 11| <5> thread: created thread 10
[  0.374792] CPU 13| <5> thread: created thread 11
[  0.374890] CPU 14| <5> thread: created thread 12
[  0.375002] CPU 02| <5> thread: created thread 13
[  0.375159] CPU 11| <5> thread: created thread 14
[  0.375216] CPU 11| <5> thread: created thread 15
[  0.375350] CPU 01| <5> thread: created thread 16
[  0.375425] CPU 11| <5> thread: created thread 17
Running main.cpp...
N=4194304 kMaxN=67108864
N=4194304 build_us=31585457 drain_us=3589798 total_us=35175255
[ 91.245227] CPU 05| <5> init: shutting down -> SUCCESS
rm -f *.o main.d ../../..//src/server.d ../../..//src/region.d ../../..//src/dataframe_vector.d ../../..//src/array.d ../../..//src/manager.d ../../..//src/obj_locker.d ../../..//src/concurrent_hopscotch.d ../../..//src/MurmurHash3.d ../../..//src/local_skiplist.d ../../..//src/deref_scope.d ../../..//src/helpers.d ../../..//src/server_hashtable.d ../../..//src/stats.d ../../..//src/list.d ../../..//src/server_ptr.d ../../..//src/pointer.d ../../..//src/device.d ../../..//src/server_dataframe_vector.d ../../..//src/slab.d ../../..//src/local_concurrent_hopscotch.d main ../../..//src/*.o
g++-9 -std=gnu++17 -Wno-subobject-linkage -g -Wall -D_GNU_SOURCE -I../../..//../shenango/inc -I../../..//../shenango/rdma-core/build/include -I../../..//../shenango/bindings/cc -I../../..//inc -I../../..//../shenango/ksched -I../../..//snappy/build -I../../..//snappy -DMLX_CX4 -DNDEBUG -O3 -march=native -DMLX5 -DDIRECTPATH -std=gnu++2a -fconcepts -Wno-unused-function -mcmodel=medium -c main.cpp -o main.o
g++-9 -std=gnu++17 -Wno-subobject-linkage -g -Wall -D_GNU_SOURCE -I../../..//../shenango/inc -I../../..//../shenango/rdma-core/build/include -I../../..//../shenango/bindings/cc -I../../..//inc -I../../..//../shenango/ksched -I../../..//snappy/build -I../../..//snappy -DMLX_CX4 -DNDEBUG -O3 -march=native -DMLX5 -DDIRECTPATH -std=gnu++2a -fconcepts -Wno-unused-function -mcmodel=medium -c ../../..//src/server.cpp -o ../../..//src/server.o
g++-9 -std=gnu++17 -Wno-subobject-linkage -g -Wall -D_GNU_SOURCE -I../../..//../shenango/inc -I../../..//../shenango/rdma-core/build/include -I../../..//../shenango/bindings/cc -I../../..//inc -I../../..//../shenango/ksched -I../../..//snappy/build -I../../..//snappy -DMLX_CX4 -DNDEBUG -O3 -march=native -DMLX5 -DDIRECTPATH -std=gnu++2a -fconcepts -Wno-unused-function -mcmodel=medium -c ../../..//src/region.cpp -o ../../..//src/region.o
g++-9 -std=gnu++17 -Wno-subobject-linkage -g -Wall -D_GNU_SOURCE -I../../..//../shenango/inc -I../../..//../shenango/rdma-core/build/include -I../../..//../shenango/bindings/cc -I../../..//inc -I../../..//../shenango/ksched -I../../..//snappy/build -I../../..//snappy -DMLX_CX4 -DNDEBUG -O3 -march=native -DMLX5 -DDIRECTPATH -std=gnu++2a -fconcepts -Wno-unused-function -mcmodel=medium -c ../../..//src/dataframe_vector.cpp -o ../../..//src/dataframe_vector.o
g++-9 -std=gnu++17 -Wno-subobject-linkage -g -Wall -D_GNU_SOURCE -I../../..//../shenango/inc -I../../..//../shenango/rdma-core/build/include -I../../..//../shenango/bindings/cc -I../../..//inc -I../../..//../shenango/ksched -I../../..//snappy/build -I../../..//snappy -DMLX_CX4 -DNDEBUG -O3 -march=native -DMLX5 -DDIRECTPATH -std=gnu++2a -fconcepts -Wno-unused-function -mcmodel=medium -c ../../..//src/array.cpp -o ../../..//src/array.o
g++-9 -std=gnu++17 -Wno-subobject-linkage -g -Wall -D_GNU_SOURCE -I../../..//../shenango/inc -I../../..//../shenango/rdma-core/build/include -I../../..//../shenango/bindings/cc -I../../..//inc -I../../..//../shenango/ksched -I../../..//snappy/build -I../../..//snappy -DMLX_CX4 -DNDEBUG -O3 -march=native -DMLX5 -DDIRECTPATH -std=gnu++2a -fconcepts -Wno-unused-function -mcmodel=medium -c ../../..//src/manager.cpp -o ../../..//src/manager.o
g++-9 -std=gnu++17 -Wno-subobject-linkage -g -Wall -D_GNU_SOURCE -I../../..//../shenango/inc -I../../..//../shenango/rdma-core/build/include -I../../..//../shenango/bindings/cc -I../../..//inc -I../../..//../shenango/ksched -I../../..//snappy/build -I../../..//snappy -DMLX_CX4 -DNDEBUG -O3 -march=native -DMLX5 -DDIRECTPATH -std=gnu++2a -fconcepts -Wno-unused-function -mcmodel=medium -c ../../..//src/obj_locker.cpp -o ../../..//src/obj_locker.o
g++-9 -std=gnu++17 -Wno-subobject-linkage -g -Wall -D_GNU_SOURCE -I../../..//../shenango/inc -I../../..//../shenango/rdma-core/build/include -I../../..//../shenango/bindings/cc -I../../..//inc -I../../..//../shenango/ksched -I../../..//snappy/build -I../../..//snappy -DMLX_CX4 -DNDEBUG -O3 -march=native -DMLX5 -DDIRECTPATH -std=gnu++2a -fconcepts -Wno-unused-function -mcmodel=medium -c ../../..//src/concurrent_hopscotch.cpp -o ../../..//src/concurrent_hopscotch.o
g++-9 -std=gnu++17 -Wno-subobject-linkage -g -Wall -D_GNU_SOURCE -I../../..//../shenango/inc -I../../..//../shenango/rdma-core/build/include -I../../..//../shenango/bindings/cc -I../../..//inc -I../../..//../shenango/ksched -I../../..//snappy/build -I../../..//snappy -DMLX_CX4 -DNDEBUG -O3 -march=native -DMLX5 -DDIRECTPATH -std=gnu++2a -fconcepts -Wno-unused-function -mcmodel=medium -c ../../..//src/MurmurHash3.cpp -o ../../..//src/MurmurHash3.o
g++-9 -std=gnu++17 -Wno-subobject-linkage -g -Wall -D_GNU_SOURCE -I../../..//../shenango/inc -I../../..//../shenango/rdma-core/build/include -I../../..//../shenango/bindings/cc -I../../..//inc -I../../..//../shenango/ksched -I../../..//snappy/build -I../../..//snappy -DMLX_CX4 -DNDEBUG -O3 -march=native -DMLX5 -DDIRECTPATH -std=gnu++2a -fconcepts -Wno-unused-function -mcmodel=medium -c ../../..//src/local_skiplist.cpp -o ../../..//src/local_skiplist.o
g++-9 -std=gnu++17 -Wno-subobject-linkage -g -Wall -D_GNU_SOURCE -I../../..//../shenango/inc -I../../..//../shenango/rdma-core/build/include -I../../..//../shenango/bindings/cc -I../../..//inc -I../../..//../shenango/ksched -I../../..//snappy/build -I../../..//snappy -DMLX_CX4 -DNDEBUG -O3 -march=native -DMLX5 -DDIRECTPATH -std=gnu++2a -fconcepts -Wno-unused-function -mcmodel=medium -c ../../..//src/deref_scope.cpp -o ../../..//src/deref_scope.o
g++-9 -std=gnu++17 -Wno-subobject-linkage -g -Wall -D_GNU_SOURCE -I../../..//../shenango/inc -I../../..//../shenango/rdma-core/build/include -I../../..//../shenango/bindings/cc -I../../..//inc -I../../..//../shenango/ksched -I../../..//snappy/build -I../../..//snappy -DMLX_CX4 -DNDEBUG -O3 -march=native -DMLX5 -DDIRECTPATH -std=gnu++2a -fconcepts -Wno-unused-function -mcmodel=medium -c ../../..//src/helpers.cpp -o ../../..//src/helpers.o
g++-9 -std=gnu++17 -Wno-subobject-linkage -g -Wall -D_GNU_SOURCE -I../../..//../shenango/inc -I../../..//../shenango/rdma-core/build/include -I../../..//../shenango/bindings/cc -I../../..//inc -I../../..//../shenango/ksched -I../../..//snappy/build -I../../..//snappy -DMLX_CX4 -DNDEBUG -O3 -march=native -DMLX5 -DDIRECTPATH -std=gnu++2a -fconcepts -Wno-unused-function -mcmodel=medium -c ../../..//src/server_hashtable.cpp -o ../../..//src/server_hashtable.o
g++-9 -std=gnu++17 -Wno-subobject-linkage -g -Wall -D_GNU_SOURCE -I../../..//../shenango/inc -I../../..//../shenango/rdma-core/build/include -I../../..//../shenango/bindings/cc -I../../..//inc -I../../..//../shenango/ksched -I../../..//snappy/build -I../../..//snappy -DMLX_CX4 -DNDEBUG -O3 -march=native -DMLX5 -DDIRECTPATH -std=gnu++2a -fconcepts -Wno-unused-function -mcmodel=medium -c ../../..//src/stats.cpp -o ../../..//src/stats.o
g++-9 -std=gnu++17 -Wno-subobject-linkage -g -Wall -D_GNU_SOURCE -I../../..//../shenango/inc -I../../..//../shenango/rdma-core/build/include -I../../..//../shenango/bindings/cc -I../../..//inc -I../../..//../shenango/ksched -I../../..//snappy/build -I../../..//snappy -DMLX_CX4 -DNDEBUG -O3 -march=native -DMLX5 -DDIRECTPATH -std=gnu++2a -fconcepts -Wno-unused-function -mcmodel=medium -c ../../..//src/list.cpp -o ../../..//src/list.o
g++-9 -std=gnu++17 -Wno-subobject-linkage -g -Wall -D_GNU_SOURCE -I../../..//../shenango/inc -I../../..//../shenango/rdma-core/build/include -I../../..//../shenango/bindings/cc -I../../..//inc -I../../..//../shenango/ksched -I../../..//snappy/build -I../../..//snappy -DMLX_CX4 -DNDEBUG -O3 -march=native -DMLX5 -DDIRECTPATH -std=gnu++2a -fconcepts -Wno-unused-function -mcmodel=medium -c ../../..//src/server_ptr.cpp -o ../../..//src/server_ptr.o
g++-9 -std=gnu++17 -Wno-subobject-linkage -g -Wall -D_GNU_SOURCE -I../../..//../shenango/inc -I../../..//../shenango/rdma-core/build/include -I../../..//../shenango/bindings/cc -I../../..//inc -I../../..//../shenango/ksched -I../../..//snappy/build -I../../..//snappy -DMLX_CX4 -DNDEBUG -O3 -march=native -DMLX5 -DDIRECTPATH -std=gnu++2a -fconcepts -Wno-unused-function -mcmodel=medium -c ../../..//src/pointer.cpp -o ../../..//src/pointer.o
g++-9 -std=gnu++17 -Wno-subobject-linkage -g -Wall -D_GNU_SOURCE -I../../..//../shenango/inc -I../../..//../shenango/rdma-core/build/include -I../../..//../shenango/bindings/cc -I../../..//inc -I../../..//../shenango/ksched -I../../..//snappy/build -I../../..//snappy -DMLX_CX4 -DNDEBUG -O3 -march=native -DMLX5 -DDIRECTPATH -std=gnu++2a -fconcepts -Wno-unused-function -mcmodel=medium -c ../../..//src/device.cpp -o ../../..//src/device.o
g++-9 -std=gnu++17 -Wno-subobject-linkage -g -Wall -D_GNU_SOURCE -I../../..//../shenango/inc -I../../..//../shenango/rdma-core/build/include -I../../..//../shenango/bindings/cc -I../../..//inc -I../../..//../shenango/ksched -I../../..//snappy/build -I../../..//snappy -DMLX_CX4 -DNDEBUG -O3 -march=native -DMLX5 -DDIRECTPATH -std=gnu++2a -fconcepts -Wno-unused-function -mcmodel=medium -c ../../..//src/server_dataframe_vector.cpp -o ../../..//src/server_dataframe_vector.o
g++-9 -std=gnu++17 -Wno-subobject-linkage -g -Wall -D_GNU_SOURCE -I../../..//../shenango/inc -I../../..//../shenango/rdma-core/build/include -I../../..//../shenango/bindings/cc -I../../..//inc -I../../..//../shenango/ksched -I../../..//snappy/build -I../../..//snappy -DMLX_CX4 -DNDEBUG -O3 -march=native -DMLX5 -DDIRECTPATH -std=gnu++2a -fconcepts -Wno-unused-function -mcmodel=medium -c ../../..//src/slab.cpp -o ../../..//src/slab.o
g++-9 -std=gnu++17 -Wno-subobject-linkage -g -Wall -D_GNU_SOURCE -I../../..//../shenango/inc -I../../..//../shenango/rdma-core/build/include -I../../..//../shenango/bindings/cc -I../../..//inc -I../../..//../shenango/ksched -I../../..//snappy/build -I../../..//snappy -DMLX_CX4 -DNDEBUG -O3 -march=native -DMLX5 -DDIRECTPATH -std=gnu++2a -fconcepts -Wno-unused-function -mcmodel=medium -c ../../..//src/local_concurrent_hopscotch.cpp -o ../../..//src/local_concurrent_hopscotch.o
g++-9 -o main -T ../../..//../shenango/base/base.ld main.o ../../..//src/server.o ../../..//src/region.o ../../..//src/dataframe_vector.o ../../..//src/array.o ../../..//src/manager.o ../../..//src/obj_locker.o ../../..//src/concurrent_hopscotch.o ../../..//src/MurmurHash3.o ../../..//src/local_skiplist.o ../../..//src/deref_scope.o ../../..//src/helpers.o ../../..//src/server_hashtable.o ../../..//src/stats.o ../../..//src/list.o ../../..//src/server_ptr.o ../../..//src/pointer.o ../../..//src/device.o ../../..//src/server_dataframe_vector.o ../../..//src/slab.o ../../..//src/local_concurrent_hopscotch.o ../../..//../shenango/bindings/cc/librt++.a ../../..//../shenango/libruntime.a ../../..//../shenango/libnet.a ../../..//../shenango/libbase.a -lpthread -L../../..//../shenango/rdma-core/build/lib/statics/ -lmlx5 -libverbs -lnl-3 -lnl-route-3 -lcryptopp -L../../..//snappy/build -lsnappy
CPU 13| <5> cpu: detected 20 cores, 1 nodes
CPU 13| <5> time: detected 2394 ticks / us
[  0.000421] CPU 13| <5> loading configuration from '/users/jchen185/AIFM/aifm/configs/client.config'
[  0.000445] CPU 13| <3> < 1 guaranteed kthreads is not recommended for networked apps
[  0.013997] CPU 13| <5> net: started network stack
[  0.014010] CPU 13| <5> net: using the following configuration:
[  0.014013] CPU 13| <5>   addr:	18.18.1.2
[  0.014016] CPU 13| <5>   netmask:	255.255.255.0
[  0.014019] CPU 13| <5>   gateway:	18.8.1.1
[  0.014021] CPU 13| <5>   mac:	7E:6A:A6:36:F3:B8
[  0.376140] CPU 13| <5> thread: created thread 0
[  0.376207] CPU 13| <5> spawning 18 kthreads
[  0.376306] CPU 04| <5> thread: created thread 1
[  0.376319] CPU 15| <5> thread: created thread 2
[  0.376399] CPU 01| <5> thread: created thread 3
[  0.376512] CPU 08| <5> thread: created thread 4
[  0.376669] CPU 08| <5> thread: created thread 5
[  0.376747] CPU 12| <5> thread: created thread 6
[  0.376812] CPU 15| <5> thread: created thread 7
[  0.376958] CPU 17| <5> thread: created thread 8
[  0.377037] CPU 19| <5> thread: created thread 9
[  0.377144] CPU 06| <5> thread: created thread 10
[  0.377191] CPU 01| <5> thread: created thread 11
[  0.377275] CPU 18| <5> thread: created thread 12
[  0.377456] CPU 14| <5> thread: created thread 13
[  0.377548] CPU 11| <5> thread: created thread 14
[  0.377641] CPU 14| <5> thread: created thread 15
[  0.377722] CPU 17| <5> thread: created thread 16
[  0.377780] CPU 09| <5> thread: created thread 17
Running main.cpp...
N=16777216 kMaxN=67108864
N=16777216 build_us=178575648 drain_us=270182320 total_us=448757968
[505.092755] CPU 03| <5> init: shutting down -> SUCCESS
~/AIFM/aifm/exp/fig_heap
~/AIFM/aifm/exp/fig_heap/local_only ~/AIFM/aifm/exp/fig_heap
rm -f main
g++-9 -O3 -std=gnu++2a -Wall -o main main.cpp
N=65536 build_us=1918 drain_us=6450 total_us=8369
N=262144 build_us=7699 drain_us=30945 total_us=38645
N=1048576 build_us=30778 drain_us=146729 total_us=177508
N=4194304 build_us=123324 drain_us=687274 total_us=810599
N=16777216 build_us=495399 drain_us=3603414 total_us=4098813
~/AIFM/aifm/exp/fig_heap
